[0m16:59:02.272687 [debug] [MainThread]: Sending event: {'category': 'dbt', 'action': 'invocation', 'label': 'start', 'context': [<snowplow_tracker.self_describing_json.SelfDescribingJson object at 0x000002D517E87550>, <snowplow_tracker.self_describing_json.SelfDescribingJson object at 0x000002D517C061D0>, <snowplow_tracker.self_describing_json.SelfDescribingJson object at 0x000002D517E87790>]}


============================== 16:59:02.277687 | b1137883-8a16-49f8-8c48-72038914fbae ==============================
[0m16:59:02.277687 [info ] [MainThread]: Running with dbt=1.8.6
[0m16:59:02.278696 [debug] [MainThread]: running dbt with arguments {'printer_width': '80', 'indirect_selection': 'eager', 'write_json': 'True', 'log_cache_events': 'False', 'partial_parse': 'True', 'cache_selected_only': 'False', 'profiles_dir': '../', 'debug': 'False', 'warn_error': 'None', 'log_path': 'logs', 'version_check': 'True', 'fail_fast': 'False', 'use_colors': 'True', 'use_experimental_parser': 'False', 'no_print': 'None', 'quiet': 'False', 'empty': 'None', 'warn_error_options': 'WarnErrorOptions(include=[], exclude=[])', 'invocation_command': 'dbt init', 'static_parser': 'True', 'introspect': 'True', 'target_path': 'None', 'log_format': 'default', 'send_anonymous_usage_stats': 'True'}
[0m16:59:42.950444 [debug] [MainThread]: Starter project path: C:\Users\felip\Envs\Felipe\e2e-DE-project\.venv\Lib\site-packages\dbt\include\starter_project
[0m16:59:42.981479 [info ] [MainThread]: 
Your new dbt project "e2e_de_project" was created!

For more information on how to configure the profiles.yml file,
please consult the dbt documentation here:

  https://docs.getdbt.com/docs/configure-your-profile

One more thing:

Need help? Don't hesitate to reach out to us via GitHub issues or on Slack:

  https://community.getdbt.com/

Happy modeling!

[0m16:59:42.983918 [info ] [MainThread]: Setting up your profile.
[0m17:01:14.328045 [info ] [MainThread]: Profile e2e_de_project written to ..\profiles.yml using target's profile_template.yml and your supplied values. Run 'dbt debug' to validate the connection.
[0m17:01:14.335418 [debug] [MainThread]: Command `dbt init` succeeded at 17:01:14.332052 after 132.17 seconds
[0m17:01:14.339955 [debug] [MainThread]: Sending event: {'category': 'dbt', 'action': 'invocation', 'label': 'end', 'context': [<snowplow_tracker.self_describing_json.SelfDescribingJson object at 0x000002D517E9FB10>, <snowplow_tracker.self_describing_json.SelfDescribingJson object at 0x000002D512845510>, <snowplow_tracker.self_describing_json.SelfDescribingJson object at 0x000002D512C9B350>]}
[0m17:01:14.343345 [debug] [MainThread]: Flushing usage events
[0m17:01:19.981328 [debug] [MainThread]: Error sending anonymous usage statistics. Disabling tracking for this execution. If you wish to permanently disable tracking, see: https://docs.getdbt.com/reference/global-configs#send-anonymous-usage-stats.
[0m17:06:27.233634 [debug] [MainThread]: Sending event: {'category': 'dbt', 'action': 'invocation', 'label': 'start', 'context': [<snowplow_tracker.self_describing_json.SelfDescribingJson object at 0x000001D66B1852D0>, <snowplow_tracker.self_describing_json.SelfDescribingJson object at 0x000001D66B1877D0>, <snowplow_tracker.self_describing_json.SelfDescribingJson object at 0x000001D66B1879D0>]}


============================== 17:06:27.238176 | 398ae472-f5b3-4290-bffe-581447c04c04 ==============================
[0m17:06:27.238176 [info ] [MainThread]: Running with dbt=1.8.6
[0m17:06:27.239181 [debug] [MainThread]: running dbt with arguments {'printer_width': '80', 'indirect_selection': 'eager', 'log_cache_events': 'False', 'write_json': 'True', 'partial_parse': 'True', 'cache_selected_only': 'False', 'profiles_dir': '../', 'version_check': 'True', 'fail_fast': 'False', 'log_path': 'logs', 'warn_error': 'None', 'debug': 'False', 'use_colors': 'True', 'use_experimental_parser': 'False', 'no_print': 'None', 'quiet': 'False', 'empty': 'None', 'log_format': 'default', 'introspect': 'True', 'warn_error_options': 'WarnErrorOptions(include=[], exclude=[])', 'static_parser': 'True', 'target_path': 'None', 'invocation_command': 'dbt debug', 'send_anonymous_usage_stats': 'True'}
[0m17:06:27.257208 [info ] [MainThread]: dbt version: 1.8.6
[0m17:06:27.258205 [info ] [MainThread]: python version: 3.11.9
[0m17:06:27.258816 [info ] [MainThread]: python path: C:\Users\felip\Envs\Felipe\e2e-DE-project\.venv\Scripts\python.exe
[0m17:06:27.259828 [info ] [MainThread]: os info: Windows-10-10.0.22631-SP0
[0m17:06:27.260830 [info ] [MainThread]: Using profiles dir at ../
[0m17:06:27.261828 [info ] [MainThread]: Using profiles.yml file at ../profiles.yml
[0m17:06:27.261828 [info ] [MainThread]: Using dbt_project.yml file at C:\Users\felip\Envs\Felipe\e2e-DE-project\dbt_project.yml
[0m17:06:27.263829 [info ] [MainThread]: Configuration:
[0m17:06:27.265340 [info ] [MainThread]:   profiles.yml file [[31mERROR not found[0m]
[0m17:06:27.266351 [info ] [MainThread]:   dbt_project.yml file [[31mERROR not found[0m]
[0m17:06:27.267353 [info ] [MainThread]: Required dependencies:
[0m17:06:27.268352 [debug] [MainThread]: Executing "git --help"
[0m17:06:27.335337 [debug] [MainThread]: STDOUT: "b"usage: git [-v | --version] [-h | --help] [-C <path>] [-c <name>=<value>]\n           [--exec-path[=<path>]] [--html-path] [--man-path] [--info-path]\n           [-p | --paginate | -P | --no-pager] [--no-replace-objects] [--no-lazy-fetch]\n           [--no-optional-locks] [--no-advice] [--bare] [--git-dir=<path>]\n           [--work-tree=<path>] [--namespace=<name>] [--config-env=<name>=<envvar>]\n           <command> [<args>]\n\nThese are common Git commands used in various situations:\n\nstart a working area (see also: git help tutorial)\n   clone     Clone a repository into a new directory\n   init      Create an empty Git repository or reinitialize an existing one\n\nwork on the current change (see also: git help everyday)\n   add       Add file contents to the index\n   mv        Move or rename a file, a directory, or a symlink\n   restore   Restore working tree files\n   rm        Remove files from the working tree and from the index\n\nexamine the history and state (see also: git help revisions)\n   bisect    Use binary search to find the commit that introduced a bug\n   diff      Show changes between commits, commit and working tree, etc\n   grep      Print lines matching a pattern\n   log       Show commit logs\n   show      Show various types of objects\n   status    Show the working tree status\n\ngrow, mark and tweak your common history\n   branch    List, create, or delete branches\n   commit    Record changes to the repository\n   merge     Join two or more development histories together\n   rebase    Reapply commits on top of another base tip\n   reset     Reset current HEAD to the specified state\n   switch    Switch branches\n   tag       Create, list, delete or verify a tag object signed with GPG\n\ncollaborate (see also: git help workflows)\n   fetch     Download objects and refs from another repository\n   pull      Fetch from and integrate with another repository or a local branch\n   push      Update remote refs along with associated objects\n\n'git help -a' and 'git help -g' list available subcommands and some\nconcept guides. See 'git help <command>' or 'git help <concept>'\nto read about a specific subcommand or concept.\nSee 'git help git' for an overview of the system.\n""
[0m17:06:27.337249 [debug] [MainThread]: STDERR: "b''"
[0m17:06:27.338244 [info ] [MainThread]:  - git [[32mOK found[0m]

[0m17:06:27.340246 [info ] [MainThread]: Connection test skipped since no profile was found
[0m17:06:27.341242 [info ] [MainThread]: [31m2 checks failed:[0m
[0m17:06:27.342244 [info ] [MainThread]: dbt looked for a profiles.yml file in ../profiles.yml, but did
not find one. For more information on configuring your profile, consult the
documentation:

https://docs.getdbt.com/docs/configure-your-profile


[0m17:06:27.343243 [info ] [MainThread]: Project loading failed for the following reason:
 project path <C:\Users\felip\Envs\Felipe\e2e-DE-project\dbt_project.yml> not found

[0m17:06:27.345246 [debug] [MainThread]: Command `dbt debug` failed at 17:06:27.345246 after 0.25 seconds
[0m17:06:27.346579 [debug] [MainThread]: Sending event: {'category': 'dbt', 'action': 'invocation', 'label': 'end', 'context': [<snowplow_tracker.self_describing_json.SelfDescribingJson object at 0x000001D665B45510>, <snowplow_tracker.self_describing_json.SelfDescribingJson object at 0x000001D665CA27D0>, <snowplow_tracker.self_describing_json.SelfDescribingJson object at 0x000001D665CA3350>]}
[0m17:06:27.347577 [debug] [MainThread]: Flushing usage events
[0m17:06:43.661723 [debug] [MainThread]: Sending event: {'category': 'dbt', 'action': 'invocation', 'label': 'start', 'context': [<snowplow_tracker.self_describing_json.SelfDescribingJson object at 0x000001F7A5406D50>, <snowplow_tracker.self_describing_json.SelfDescribingJson object at 0x000001F7A557AC10>, <snowplow_tracker.self_describing_json.SelfDescribingJson object at 0x000001F7A552B3D0>]}


============================== 17:06:43.665767 | a62035c7-d953-4804-a4a2-ae4e003c061b ==============================
[0m17:06:43.665767 [info ] [MainThread]: Running with dbt=1.8.6
[0m17:06:43.666728 [debug] [MainThread]: running dbt with arguments {'printer_width': '80', 'indirect_selection': 'eager', 'log_cache_events': 'False', 'write_json': 'True', 'partial_parse': 'True', 'cache_selected_only': 'False', 'warn_error': 'None', 'fail_fast': 'False', 'profiles_dir': '../', 'log_path': 'logs', 'debug': 'False', 'version_check': 'True', 'use_colors': 'True', 'use_experimental_parser': 'False', 'empty': 'None', 'quiet': 'False', 'no_print': 'None', 'warn_error_options': 'WarnErrorOptions(include=[], exclude=[])', 'introspect': 'True', 'static_parser': 'True', 'invocation_command': 'dbt debug', 'target_path': 'None', 'log_format': 'default', 'send_anonymous_usage_stats': 'True'}
[0m17:06:43.686767 [info ] [MainThread]: dbt version: 1.8.6
[0m17:06:43.687724 [info ] [MainThread]: python version: 3.11.9
[0m17:06:43.689726 [info ] [MainThread]: python path: C:\Users\felip\Envs\Felipe\e2e-DE-project\.venv\Scripts\python.exe
[0m17:06:43.690753 [info ] [MainThread]: os info: Windows-10-10.0.22631-SP0
[0m17:06:43.691765 [info ] [MainThread]: Using profiles dir at ../
[0m17:06:43.692763 [info ] [MainThread]: Using profiles.yml file at ../profiles.yml
[0m17:06:43.693764 [info ] [MainThread]: Using dbt_project.yml file at C:\Users\felip\Envs\Felipe\e2e-DE-project\dbt_project.yml
[0m17:06:43.694767 [info ] [MainThread]: Configuration:
[0m17:06:43.695777 [info ] [MainThread]:   profiles.yml file [[31mERROR not found[0m]
[0m17:06:43.696763 [info ] [MainThread]:   dbt_project.yml file [[31mERROR not found[0m]
[0m17:06:43.697765 [info ] [MainThread]: Required dependencies:
[0m17:06:43.697765 [debug] [MainThread]: Executing "git --help"
[0m17:06:43.765386 [debug] [MainThread]: STDOUT: "b"usage: git [-v | --version] [-h | --help] [-C <path>] [-c <name>=<value>]\n           [--exec-path[=<path>]] [--html-path] [--man-path] [--info-path]\n           [-p | --paginate | -P | --no-pager] [--no-replace-objects] [--no-lazy-fetch]\n           [--no-optional-locks] [--no-advice] [--bare] [--git-dir=<path>]\n           [--work-tree=<path>] [--namespace=<name>] [--config-env=<name>=<envvar>]\n           <command> [<args>]\n\nThese are common Git commands used in various situations:\n\nstart a working area (see also: git help tutorial)\n   clone     Clone a repository into a new directory\n   init      Create an empty Git repository or reinitialize an existing one\n\nwork on the current change (see also: git help everyday)\n   add       Add file contents to the index\n   mv        Move or rename a file, a directory, or a symlink\n   restore   Restore working tree files\n   rm        Remove files from the working tree and from the index\n\nexamine the history and state (see also: git help revisions)\n   bisect    Use binary search to find the commit that introduced a bug\n   diff      Show changes between commits, commit and working tree, etc\n   grep      Print lines matching a pattern\n   log       Show commit logs\n   show      Show various types of objects\n   status    Show the working tree status\n\ngrow, mark and tweak your common history\n   branch    List, create, or delete branches\n   commit    Record changes to the repository\n   merge     Join two or more development histories together\n   rebase    Reapply commits on top of another base tip\n   reset     Reset current HEAD to the specified state\n   switch    Switch branches\n   tag       Create, list, delete or verify a tag object signed with GPG\n\ncollaborate (see also: git help workflows)\n   fetch     Download objects and refs from another repository\n   pull      Fetch from and integrate with another repository or a local branch\n   push      Update remote refs along with associated objects\n\n'git help -a' and 'git help -g' list available subcommands and some\nconcept guides. See 'git help <command>' or 'git help <concept>'\nto read about a specific subcommand or concept.\nSee 'git help git' for an overview of the system.\n""
[0m17:06:43.765386 [debug] [MainThread]: STDERR: "b''"
[0m17:06:43.766425 [info ] [MainThread]:  - git [[32mOK found[0m]

[0m17:06:43.767386 [info ] [MainThread]: Connection test skipped since no profile was found
[0m17:06:43.768422 [info ] [MainThread]: [31m2 checks failed:[0m
[0m17:06:43.769433 [info ] [MainThread]: dbt looked for a profiles.yml file in ../profiles.yml, but did
not find one. For more information on configuring your profile, consult the
documentation:

https://docs.getdbt.com/docs/configure-your-profile


[0m17:06:43.770434 [info ] [MainThread]: Project loading failed for the following reason:
 project path <C:\Users\felip\Envs\Felipe\e2e-DE-project\dbt_project.yml> not found

[0m17:06:43.773438 [debug] [MainThread]: Command `dbt debug` failed at 17:06:43.773438 after 0.22 seconds
[0m17:06:43.773438 [debug] [MainThread]: Sending event: {'category': 'dbt', 'action': 'invocation', 'label': 'end', 'context': [<snowplow_tracker.self_describing_json.SelfDescribingJson object at 0x000001F79FD45510>, <snowplow_tracker.self_describing_json.SelfDescribingJson object at 0x000001F7A5593910>, <snowplow_tracker.self_describing_json.SelfDescribingJson object at 0x000001F7A55939D0>]}
[0m17:06:43.774438 [debug] [MainThread]: Flushing usage events
